Drill report for com4bbb.kicad_pcb
Created on 2025-11-17T18:19:27+0000

Copper Layer Stackup:
    =============================================================
    L1 :  F.Cu                      front
    L2 :  B.Cu                      back


Drill file 'com4bbb-PTH.drl' contains
    plated through holes:
    =============================================================
    T1  0.200mm  0.0079"  (12 holes)
    T2  0.400mm  0.0157"  (47 holes)
    T3  1.000mm  0.0394"  (95 holes)
    T4  1.100mm  0.0433"  (12 holes)
    T5  1.150mm  0.0453"  (2 holes)

    Total plated holes count 168


Drill file 'com4bbb-NPTH.drl' contains
    unplated through holes:
    =============================================================
    T1  1.100mm  0.0433"  (2 holes)

    Total unplated holes count 2
